app/build/intermediates/manifest_merge_blame_file/debug/manifest-merger-blame-debug-report.txt
1<?xml version="1.0" encoding="utf-8"?>
2<manifest xmlns:android="http://schemas.android.com/apk/res/android"
3    xmlns:dist="http://schemas.android.com/apk/distribution"
4    package="org.tensorflow.lite.examples.objectdetection"
5    android:versionCode="1"
6    android:versionName="1.0.0" >
7
8    <uses-sdk
9        android:minSdkVersion="21"
9-->src\main\AndroidManifest.xml
10        android:targetSdkVersion="32" />
10-->src\main\AndroidManifest.xml
11    <!-- Enable instant app support -->
12    <dist:module dist:instant="true" /> <!-- Declare features -->
12-->src\main\AndroidManifest.xml:7:5-40
12-->src\main\AndroidManifest.xml:7:18-37
13    <uses-feature android:name="android.hardware.camera" /> <!-- Declare permissions -->
13-->src\main\AndroidManifest.xml:8:5-60
13-->src\main\AndroidManifest.xml:8:19-57
14    <uses-permission android:name="android.permission.CAMERA" />
14-->src\main\AndroidManifest.xml:9:5-65
14-->src\main\AndroidManifest.xml:9:22-62
15    <uses-permission android:name="android.permission.INTERNET" >
15-->src\main\AndroidManifest.xml:10:5-11:23
15-->src\main\AndroidManifest.xml:10:22-64
16    </uses-permission>
17    <uses-permission android:name="android.permission.WRITE_EXTERNAL_STORAGE" />
18    <uses-permission android:name="android.permission.READ_PHONE_STATE" />
19    <uses-permission android:name="android.permission.READ_EXTERNAL_STORAGE" />
20
21    <application
21-->src\main\AndroidManifest.xml:12:5-49:19
22        android:allowBackup="true"
22-->src\main\AndroidManifest.xml:13:9-35
23        android:appComponentFactory="androidx.core.app.CoreComponentFactory"
23-->[androidx.core:core:1.6.0] AndroidManifest.xml:24:18-86
24        android:debuggable="true"
25        android:icon="@mipmap/ic_launcher"
25-->src\main\AndroidManifest.xml:14:9-43
26        android:label="@string/app_name"
26-->src\main\AndroidManifest.xml:15:9-41
27        android:roundIcon="@mipmap/ic_launcher_round"
27-->src\main\AndroidManifest.xml:16:9-54
28        android:taskAffinity=""
28-->src\main\AndroidManifest.xml:17:9-32
29        android:testOnly="true"
30        android:theme="@style/AppTheme" >
30-->src\main\AndroidManifest.xml:18:9-40
31        <activity
31-->src\main\AndroidManifest.xml:20:9-29:20
32            android:name="org.tensorflow.lite.examples.objectdetection.SplashActivity"
32-->src\main\AndroidManifest.xml:21:13-43
33            android:exported="true" >
33-->src\main\AndroidManifest.xml:22:13-36
34            <intent-filter>
34-->src\main\AndroidManifest.xml:23:13-27:29
35                <action android:name="android.intent.action.MAIN" />
35-->src\main\AndroidManifest.xml:24:17-69
35-->src\main\AndroidManifest.xml:24:25-66
36
37                <category android:name="android.intent.category.LAUNCHER" />
37-->src\main\AndroidManifest.xml:26:17-77
37-->src\main\AndroidManifest.xml:26:27-74
38            </intent-filter>
39        </activity>
40        <activity
40-->src\main\AndroidManifest.xml:30:9-48:20
41            android:name="org.tensorflow.lite.examples.objectdetection.MainActivity"
41-->src\main\AndroidManifest.xml:31:13-41
42            android:clearTaskOnLaunch="true"
42-->src\main\AndroidManifest.xml:32:13-45
43            android:configChanges="orientation|screenLayout|screenSize|smallestScreenSize"
43-->src\main\AndroidManifest.xml:33:13-91
44            android:exported="false"
44-->src\main\AndroidManifest.xml:34:13-37
45            android:icon="@mipmap/ic_launcher"
45-->src\main\AndroidManifest.xml:35:13-47
46            android:resizeableActivity="true"
46-->src\main\AndroidManifest.xml:36:13-46
47            android:rotationAnimation="seamless" >
47-->src\main\AndroidManifest.xml:37:13-49
48
49            <!-- Main app intent filter -->
50
51
52            <!-- Declare notch support -->
53            <meta-data
53-->src\main\AndroidManifest.xml:45:13-47:40
54                android:name="android.notch_support"
54-->src\main\AndroidManifest.xml:46:17-53
55                android:value="true" />
55-->src\main\AndroidManifest.xml:47:17-37
56        </activity>
57
58        <uses-library
58-->[androidx.window:window:1.0.0-alpha09] AndroidManifest.xml:25:9-27:40
59            android:name="androidx.window.extensions"
59-->[androidx.window:window:1.0.0-alpha09] AndroidManifest.xml:26:13-54
60            android:required="false" />
60-->[androidx.window:window:1.0.0-alpha09] AndroidManifest.xml:27:13-37
61        <uses-library
61-->[androidx.window:window:1.0.0-alpha09] AndroidManifest.xml:28:9-30:40
62            android:name="androidx.window.sidecar"
62-->[androidx.window:window:1.0.0-alpha09] AndroidManifest.xml:29:13-51
63            android:required="false" />
63-->[androidx.window:window:1.0.0-alpha09] AndroidManifest.xml:30:13-37
64
65        <service
65-->[androidx.camera:camera-camera2:1.1.0-beta03] AndroidManifest.xml:26:9-35:19
66            android:name="androidx.camera.core.impl.MetadataHolderService"
66-->[androidx.camera:camera-camera2:1.1.0-beta03] AndroidManifest.xml:27:13-75
67            android:enabled="false"
67-->[androidx.camera:camera-camera2:1.1.0-beta03] AndroidManifest.xml:28:13-36
68            android:exported="false" >
68-->[androidx.camera:camera-camera2:1.1.0-beta03] AndroidManifest.xml:29:13-37
69            <meta-data
69-->[androidx.camera:camera-camera2:1.1.0-beta03] AndroidManifest.xml:32:13-34:89
70                android:name="androidx.camera.core.impl.MetadataHolderService.DEFAULT_CONFIG_PROVIDER"
70-->[androidx.camera:camera-camera2:1.1.0-beta03] AndroidManifest.xml:33:17-103
71                android:value="androidx.camera.camera2.Camera2Config$DefaultProvider" />
71-->[androidx.camera:camera-camera2:1.1.0-beta03] AndroidManifest.xml:34:17-86
72        </service>
73
74        <provider
74-->[androidx.lifecycle:lifecycle-process:2.2.0] AndroidManifest.xml:25:9-29:43
75            android:name="androidx.lifecycle.ProcessLifecycleOwnerInitializer"
75-->[androidx.lifecycle:lifecycle-process:2.2.0] AndroidManifest.xml:26:13-79
76            android:authorities="org.tensorflow.lite.examples.objectdetection.lifecycle-process"
76-->[androidx.lifecycle:lifecycle-process:2.2.0] AndroidManifest.xml:27:13-69
77            android:exported="false"
77-->[androidx.lifecycle:lifecycle-process:2.2.0] AndroidManifest.xml:28:13-37
78            android:multiprocess="true" />
78-->[androidx.lifecycle:lifecycle-process:2.2.0] AndroidManifest.xml:29:13-40
79    </application>
80
81</manifest>